==4027== Memcheck, a memory error detector
==4027== Copyright (C) 2002-2015, and GNU GPL'd, by Julian Seward et al.
==4027== Using Valgrind-3.11.0 and LibVEX; rerun with -h for copyright info
==4027== Command: ./a.out
==4027== 
--4027-- Valgrind options:
--4027--    --verbose
--4027-- Contents of /proc/version:
--4027--   Linux version 4.13.0-16-lowlatency (buildd@lgw01-amd64-013) (gcc version 5.4.0 20160609 (Ubuntu 5.4.0-6ubuntu1~16.04.4)) #19~16.04.3-Ubuntu SMP PREEMPT Mon Oct 16 20:09:58 UTC 2017
--4027-- 
--4027-- Arch and hwcaps: AMD64, LittleEndian, amd64-cx16-lzcnt-rdtscp-sse3-avx-avx2-bmi
--4027-- Page sizes: currently 4096, max supported 4096
--4027-- Valgrind library directory: /usr/lib/valgrind
--4027-- Reading syms from /home/fejkerr/github/second-hello-world/a.out
--4027-- Reading syms from /lib/x86_64-linux-gnu/ld-2.23.so
--4027--   Considering /lib/x86_64-linux-gnu/ld-2.23.so ..
--4027--   .. CRC mismatch (computed 9bc477cd wanted 3da2f12a)
--4027--   Considering /usr/lib/debug/lib/x86_64-linux-gnu/ld-2.23.so ..
--4027--   .. CRC is valid
--4027-- Reading syms from /usr/lib/valgrind/memcheck-amd64-linux
--4027--   Considering /usr/lib/valgrind/memcheck-amd64-linux ..
--4027--   .. CRC mismatch (computed eea41ea9 wanted 2009db78)
--4027--    object doesn't have a symbol table
--4027--    object doesn't have a dynamic symbol table
--4027-- Scheduler: using generic scheduler lock implementation.
--4027-- Reading suppressions file: /usr/lib/valgrind/default.supp
==4027== embedded gdbserver: reading from /tmp/vgdb-pipe-from-vgdb-to-4027-by-fejkerr-on-???
==4027== embedded gdbserver: writing to   /tmp/vgdb-pipe-to-vgdb-from-4027-by-fejkerr-on-???
==4027== embedded gdbserver: shared mem   /tmp/vgdb-pipe-shared-mem-vgdb-4027-by-fejkerr-on-???
==4027== 
==4027== TO CONTROL THIS PROCESS USING vgdb (which you probably
==4027== don't want to do, unless you know exactly what you're doing,
==4027== or are doing some strange experiment):
==4027==   /usr/lib/valgrind/../../bin/vgdb --pid=4027 ...command...
==4027== 
==4027== TO DEBUG THIS PROCESS USING GDB: start GDB like this
==4027==   /path/to/gdb ./a.out
==4027== and then give GDB the following command
==4027==   target remote | /usr/lib/valgrind/../../bin/vgdb --pid=4027
==4027== --pid is optional if only one valgrind process is running
==4027== 
--4027-- REDIR: 0x401cf90 (ld-linux-x86-64.so.2:strlen) redirected to 0x3809e181 (???)
--4027-- Reading syms from /usr/lib/valgrind/vgpreload_core-amd64-linux.so
--4027--   Considering /usr/lib/valgrind/vgpreload_core-amd64-linux.so ..
--4027--   .. CRC mismatch (computed 2567ccf6 wanted 49420590)
--4027--    object doesn't have a symbol table
--4027-- Reading syms from /usr/lib/valgrind/vgpreload_memcheck-amd64-linux.so
--4027--   Considering /usr/lib/valgrind/vgpreload_memcheck-amd64-linux.so ..
--4027--   .. CRC mismatch (computed 0e27c9a8 wanted ac585421)
--4027--    object doesn't have a symbol table
==4027== WARNING: new redirection conflicts with existing -- ignoring it
--4027--     old: 0x0401cf90 (strlen              ) R-> (0000.0) 0x3809e181 ???
--4027--     new: 0x0401cf90 (strlen              ) R-> (2007.0) 0x04c31020 strlen
--4027-- REDIR: 0x401b8e0 (ld-linux-x86-64.so.2:index) redirected to 0x4c30bc0 (index)
--4027-- REDIR: 0x401bb00 (ld-linux-x86-64.so.2:strcmp) redirected to 0x4c320d0 (strcmp)
--4027-- REDIR: 0x401dcf0 (ld-linux-x86-64.so.2:mempcpy) redirected to 0x4c35270 (mempcpy)
--4027-- Reading syms from /usr/lib/x86_64-linux-gnu/libstdc++.so.6.0.21
--4027--   Considering /usr/lib/x86_64-linux-gnu/libstdc++.so.6.0.21 ..
--4027--   .. CRC mismatch (computed 2f26e592 wanted a874dadb)
--4027--    object doesn't have a symbol table
--4027-- Reading syms from /lib/x86_64-linux-gnu/libc-2.23.so
--4027--   Considering /lib/x86_64-linux-gnu/libc-2.23.so ..
--4027--   .. CRC mismatch (computed b2979fac wanted 1affc958)
--4027--   Considering /usr/lib/debug/lib/x86_64-linux-gnu/libc-2.23.so ..
--4027--   .. CRC is valid
--4027-- Reading syms from /lib/x86_64-linux-gnu/libm-2.23.so
--4027--   Considering /lib/x86_64-linux-gnu/libm-2.23.so ..
--4027--   .. CRC mismatch (computed 8bd88005 wanted 32b88176)
--4027--   Considering /usr/lib/debug/lib/x86_64-linux-gnu/libm-2.23.so ..
--4027--   .. CRC is valid
--4027-- Reading syms from /lib/x86_64-linux-gnu/libgcc_s.so.1
--4027--   Considering /lib/x86_64-linux-gnu/libgcc_s.so.1 ..
--4027--   .. CRC mismatch (computed b9a68419 wanted 29d51b00)
--4027--    object doesn't have a symbol table
--4027-- REDIR: 0x524ba00 (libc.so.6:strcasecmp) redirected to 0x4a286f0 (_vgnU_ifunc_wrapper)
--4027-- REDIR: 0x5247280 (libc.so.6:strcspn) redirected to 0x4a286f0 (_vgnU_ifunc_wrapper)
--4027-- REDIR: 0x524dcf0 (libc.so.6:strncasecmp) redirected to 0x4a286f0 (_vgnU_ifunc_wrapper)
--4027-- REDIR: 0x52496f0 (libc.so.6:strpbrk) redirected to 0x4a286f0 (_vgnU_ifunc_wrapper)
--4027-- REDIR: 0x5249a80 (libc.so.6:strspn) redirected to 0x4a286f0 (_vgnU_ifunc_wrapper)
--4027-- REDIR: 0x524b14b (libc.so.6:memcpy@GLIBC_2.2.5) redirected to 0x4a286f0 (_vgnU_ifunc_wrapper)
--4027-- REDIR: 0x5249400 (libc.so.6:rindex) redirected to 0x4c308a0 (rindex)
--4027-- REDIR: 0x5240130 (libc.so.6:malloc) redirected to 0x4c2db20 (malloc)
--4027-- REDIR: 0x5247720 (libc.so.6:strlen) redirected to 0x4c30f60 (strlen)
--4027-- REDIR: 0x524abf0 (libc.so.6:__GI_memcmp) redirected to 0x4c33b90 (__GI_memcmp)
--4027-- REDIR: 0x5245cd0 (libc.so.6:strcmp) redirected to 0x4a286f0 (_vgnU_ifunc_wrapper)
--4027-- REDIR: 0x525b570 (libc.so.6:__strcmp_sse2_unaligned) redirected to 0x4c31f90 (strcmp)
--4027-- REDIR: 0x524abb0 (libc.so.6:bcmp) redirected to 0x4a286f0 (_vgnU_ifunc_wrapper)
--4027-- REDIR: 0x532a3f0 (libc.so.6:__memcmp_sse4_1) redirected to 0x4c33cd0 (__memcmp_sse4_1)
--4027-- REDIR: 0x52404f0 (libc.so.6:free) redirected to 0x4c2ed80 (free)
==4027== 
==4027== HEAP SUMMARY:
==4027==     in use at exit: 72,704 bytes in 1 blocks
==4027==   total heap usage: 2 allocs, 1 frees, 73,728 bytes allocated
==4027== 
==4027== Searching for pointers to 1 not-freed blocks
==4027== Checked 115,352 bytes
==4027== 
==4027== LEAK SUMMARY:
==4027==    definitely lost: 0 bytes in 0 blocks
==4027==    indirectly lost: 0 bytes in 0 blocks
==4027==      possibly lost: 0 bytes in 0 blocks
==4027==    still reachable: 72,704 bytes in 1 blocks
==4027==         suppressed: 0 bytes in 0 blocks
==4027== Rerun with --leak-check=full to see details of leaked memory
==4027== 
==4027== ERROR SUMMARY: 0 errors from 0 contexts (suppressed: 0 from 0)
==4027== ERROR SUMMARY: 0 errors from 0 contexts (suppressed: 0 from 0)
